记录时间：2018-06-19 15:08:14,833 线程ID:[4] 日志级别：INFO  出错类：SocketIOCP.Listener property:[(null)] - 错误描述：Add Worker, index: 0
记录时间：2018-06-19 15:08:14,913 线程ID:[4] 日志级别：INFO  出错类：SocketIOCP.Listener property:[(null)] - 错误描述：Add Socket: index: 1
记录时间：2018-06-19 15:08:14,915 线程ID:[4] 日志级别：INFO  出错类：SocketIOCP.Listener property:[(null)] - 错误描述：Add Socket: index: 2
记录时间：2018-06-19 15:08:14,919 线程ID:[4] 日志级别：INFO  出错类：SocketIOCP.Listener property:[(null)] - 错误描述：Add Socket: index: 3
记录时间：2018-06-19 15:08:15,737 线程ID:[4] 日志级别：INFO  出错类：SocketIOCP.Listener property:[(null)] - 错误描述：Add Socket: index: 4
记录时间：2018-06-19 15:08:16,690 线程ID:[4] 日志级别：INFO  出错类：SocketIOCP.Listener property:[(null)] - 错误描述：Add Socket: index: 5
by 周公by 周公by 周公记录时间：2018-06-19 16:02:25,850 线程ID:[4] 日志级别：INFO  出错类：SocketIOCP.Listener property:[(null)] - 错误描述：Add Worker, index: 0
记录时间：2018-06-19 16:02:25,871 线程ID:[4] 日志级别：INFO  出错类：SocketIOCP.Listener property:[(null)] - 错误描述：Add Socket: index: 1
记录时间：2018-06-19 16:02:25,873 线程ID:[4] 日志级别：INFO  出错类：SocketIOCP.Listener property:[(null)] - 错误描述：Add Socket: index: 2
记录时间：2018-06-19 16:02:25,877 线程ID:[4] 日志级别：INFO  出错类：SocketIOCP.Listener property:[(null)] - 错误描述：Add Socket: index: 3
记录时间：2018-06-19 16:02:26,799 线程ID:[4] 日志级别：INFO  出错类：SocketIOCP.Listener property:[(null)] - 错误描述：Add Socket: index: 4
记录时间：2018-06-19 16:19:11,831 线程ID:[4] 日志级别：INFO  出错类：SocketIOCP.Listener property:[(null)] - 错误描述：Add Worker, index: 0
记录时间：2018-06-19 16:19:11,852 线程ID:[4] 日志级别：INFO  出错类：SocketIOCP.Listener property:[(null)] - 错误描述：Add Socket: index: 1
记录时间：2018-06-19 16:19:11,854 线程ID:[4] 日志级别：INFO  出错类：SocketIOCP.Listener property:[(null)] - 错误描述：Add Socket: index: 2
记录时间：2018-06-19 16:19:11,858 线程ID:[4] 日志级别：INFO  出错类：SocketIOCP.Listener property:[(null)] - 错误描述：Add Socket: index: 3
记录时间：2018-06-19 16:19:12,822 线程ID:[4] 日志级别：INFO  出错类：SocketIOCP.Listener property:[(null)] - 错误描述：Add Socket: index: 4
记录时间：2018-06-19 16:19:13,324 线程ID:[4] 日志级别：INFO  出错类：SocketIOCP.Listener property:[(null)] - 错误描述：Add Socket: index: 5
记录时间：2018-06-19 16:31:11,442 线程ID:[4] 日志级别：INFO  出错类：SocketIOCP.Listener property:[(null)] - 错误描述：Add Worker, index: 0
by 周公by 周公记录时间：2018-06-19 16:38:53,295 线程ID:[1] 日志级别：INFO  出错类：Server.Program property:[(null)] - 错误描述：hahahaha
记录时间：2018-06-19 16:39:15,161 线程ID:[4] 日志级别：INFO  出错类：SocketIOCP.Listener property:[(null)] - 错误描述：Add Worker, index: 0
记录时间：2018-06-19 16:43:22,529 线程ID:[1] 日志级别：INFO  出错类：Server.Program property:[(null)] - 错误描述：hahahaha
记录时间：2018-06-19 16:45:07,338 线程ID:[1] 日志级别：INFO  出错类：Server.Program property:[(null)] - 错误描述：hahahaha
记录时间：2018-06-19 16:45:47,931 线程ID:[1] 日志级别：INFO  出错类：Server.Program property:[(null)] - 错误描述：hahahaha
记录时间：2018-06-19 16:46:35,447 线程ID:[1] 日志级别：INFO  出错类：Server.Program property:[(null)] - 错误描述：hahahaha
记录时间：2018-06-19 16:46:49,986 线程ID:[1] 日志级别：INFO  出错类：Server.Program property:[(null)] - 错误描述：hahahaha
记录时间：2018-06-19 16:51:23,103 线程ID:[1] 日志级别：INFO  出错类：Server.Program property:[(null)] - 错误描述：hahahaha
记录时间：2018-06-19 16:55:24,487 线程ID:[1] 日志级别：INFO  出错类：Server.Program property:[(null)] - 错误描述：hahahaha
记录时间：2018-06-19 16:55:55,864 线程ID:[1] 日志级别：INFO  出错类：Server.Program property:[(null)] - 错误描述：hahahaha
记录时间：2018-06-19 16:57:21,501 线程ID:[1] 日志级别：INFO  出错类：Server.Program property:[(null)] - 错误描述：hahahaha
